  Bishop.cpp
  Board.cpp
  Box.cpp
C:\Users\elias.renawi\source\repos\ChessGame\ChessGame\Box.cpp(29,23): warning C4244: '=': conversion from 'int' to 'float', possible loss of data
C:\Users\elias.renawi\source\repos\ChessGame\ChessGame\Box.cpp(30,23): warning C4244: '=': conversion from 'int' to 'float', possible loss of data
C:\Users\elias.renawi\source\repos\ChessGame\ChessGame\Box.cpp(31,23): warning C4244: '=': conversion from 'int' to 'float', possible loss of data
C:\Users\elias.renawi\source\repos\ChessGame\ChessGame\Box.cpp(32,23): warning C4244: '=': conversion from 'int' to 'float', possible loss of data
  King.cpp
  Knight.cpp
  Pawn.cpp
  Piece.cpp
C:\Users\elias.renawi\source\repos\ChessGame\ChessGame\Piece.cpp(39,31): warning C4838: conversion from 'int' to 'float' requires a narrowing conversion
C:\Users\elias.renawi\source\repos\ChessGame\ChessGame\Piece.cpp(39,31): warning C4244: 'initializing': conversion from 'int' to 'float', possible loss of data
C:\Users\elias.renawi\source\repos\ChessGame\ChessGame\Piece.cpp(39,44): warning C4838: conversion from 'int' to 'float' requires a narrowing conversion
C:\Users\elias.renawi\source\repos\ChessGame\ChessGame\Piece.cpp(39,44): warning C4244: 'initializing': conversion from 'int' to 'float', possible loss of data
C:\Users\elias.renawi\source\repos\ChessGame\ChessGame\Piece.cpp(39,57): warning C4838: conversion from 'int' to 'float' requires a narrowing conversion
C:\Users\elias.renawi\source\repos\ChessGame\ChessGame\Piece.cpp(39,57): warning C4244: 'initializing': conversion from 'int' to 'float', possible loss of data
C:\Users\elias.renawi\source\repos\ChessGame\ChessGame\Piece.cpp(39,73): warning C4838: conversion from 'int' to 'float' requires a narrowing conversion
C:\Users\elias.renawi\source\repos\ChessGame\ChessGame\Piece.cpp(39,73): warning C4244: 'initializing': conversion from 'int' to 'float', possible loss of data
  Player.cpp
  Queen.cpp
  Rook.cpp
  Window.cpp
C:\Users\elias.renawi\source\repos\ChessGame\ChessGame\Window.cpp(18,14): warning C4804: '<': unsafe use of type 'bool' in operation
C:\Users\elias.renawi\source\repos\ChessGame\ChessGame\Window.cpp(68,58): warning C4244: 'argument': conversion from 'float' to 'int', possible loss of data
C:\Users\elias.renawi\source\repos\ChessGame\ChessGame\Window.cpp(68,42): warning C4244: 'argument': conversion from 'float' to 'int', possible loss of data
C:\Users\elias.renawi\source\repos\ChessGame\ChessGame\Window.cpp(72,50): warning C4244: 'argument': conversion from 'float' to 'int', possible loss of data
C:\Users\elias.renawi\source\repos\ChessGame\ChessGame\Window.cpp(72,34): warning C4244: 'argument': conversion from 'float' to 'int', possible loss of data
  main.cpp
  Generating Code...
  ChessGame.vcxproj -> C:\Users\elias.renawi\source\repos\ChessGame\x64\Debug\ChessGame.exe
